TN:
SF:src/modules/accounts/useCases/authenticateUser/AuthenticateUserController.ts
FN:6,AuthenticateUserController
FN:7,Object.<anonymous>.AuthenticateUserController.handle
FNF:2
FNH:2
FNDA:2,AuthenticateUserController
FNDA:3,Object.<anonymous>.AuthenticateUserController.handle
DA:1,1
DA:2,1
DA:3,1
DA:4,1
DA:5,1
DA:6,2
DA:7,2
DA:8,3
DA:9,3
DA:10,3
DA:11,3
DA:12,3
DA:13,2
DA:14,1
DA:15,1
LF:15
LH:15
BRDA:6,0,0,2
BRDA:6,1,0,2
BRDA:7,2,0,3
BRF:3
BRH:3
end_of_record
TN:
SF:src/modules/accounts/useCases/authenticateUser/AuthenticateUserUseCase.ts
FN:27,AuthenticateUserUseCase
FN:35,Object.<anonymous>.AuthenticateUserUseCase.execute
FNF:2
FNH:2
FNDA:6,AuthenticateUserUseCase
FNDA:5,Object.<anonymous>.AuthenticateUserUseCase.execute
DA:1,1
DA:2,1
DA:3,1
DA:4,1
DA:5,1
DA:6,1
DA:7,1
DA:8,1
DA:9,1
DA:10,1
DA:11,1
DA:12,1
DA:13,1
DA:14,1
DA:15,1
DA:16,1
DA:17,1
DA:18,1
DA:19,1
DA:20,1
DA:21,1
DA:22,1
DA:23,1
DA:24,1
DA:25,1
DA:26,3
DA:27,3
DA:28,6
DA:29,6
DA:30,6
DA:31,6
DA:32,6
DA:33,6
DA:34,6
DA:35,3
DA:36,5
DA:37,5
DA:38,5
DA:39,5
DA:40,1
DA:41,1
DA:42,4
DA:43,4
DA:44,5
DA:45,0
DA:46,0
DA:47,5
DA:48,5
DA:49,5
DA:50,5
DA:51,5
DA:52,5
DA:53,5
DA:54,5
DA:55,5
DA:56,5
DA:57,5
DA:58,5
DA:59,5
DA:60,5
DA:61,5
DA:62,5
DA:63,5
DA:64,5
DA:65,5
DA:66,5
DA:67,5
DA:68,5
DA:69,5
DA:70,5
DA:71,5
DA:72,5
DA:73,5
DA:74,5
DA:75,5
DA:76,5
DA:77,5
DA:78,3
DA:79,1
DA:80,1
LF:80
LH:78
BRDA:26,0,0,3
BRDA:27,1,0,6
BRDA:35,2,0,5
BRDA:37,3,0,5
BRDA:39,4,0,4
BRDA:39,5,0,1
BRDA:44,6,0,0
BRF:7
BRH:6
end_of_record
TN:
SF:src/modules/accounts/useCases/createUser/CreateUserController.ts
FN:7,CreateUserController
FN:8,Object.<anonymous>.CreateUserController.handle
FNF:2
FNH:1
FNDA:2,CreateUserController
FNDA:0,Object.<anonymous>.CreateUserController.handle
DA:1,1
DA:2,1
DA:3,1
DA:4,1
DA:5,1
DA:6,1
DA:7,2
DA:8,2
DA:9,0
DA:10,0
DA:11,0
DA:12,0
DA:13,0
DA:14,0
DA:15,0
DA:16,0
DA:17,0
DA:18,0
DA:19,2
DA:20,1
DA:21,1
LF:21
LH:11
BRDA:7,0,0,2
BRDA:7,1,0,2
BRF:2
BRH:2
end_of_record
TN:
SF:src/modules/accounts/useCases/createUser/CreateUserUseCase.ts
FN:11,CreateUserUseCase
FN:16,Object.<anonymous>.CreateUserUseCase.execute
FNF:2
FNH:2
FNDA:3,CreateUserUseCase
FNDA:2,Object.<anonymous>.CreateUserUseCase.execute
DA:1,1
DA:2,1
DA:3,1
DA:4,1
DA:5,1
DA:6,1
DA:7,1
DA:8,1
DA:9,1
DA:10,3
DA:11,3
DA:12,3
DA:13,3
DA:14,3
DA:15,3
DA:16,3
DA:17,2
DA:18,2
DA:19,2
DA:20,2
DA:21,2
DA:22,2
DA:23,2
DA:24,0
DA:25,0
DA:26,2
DA:27,2
DA:28,2
DA:29,2
DA:30,2
DA:31,2
DA:32,2
DA:33,2
DA:34,2
DA:35,3
DA:36,1
DA:37,1
LF:37
LH:35
BRDA:10,0,0,3
BRDA:11,1,0,3
BRDA:16,2,0,2
BRDA:22,3,0,2
BRDA:23,4,0,0
BRF:5
BRH:4
end_of_record
TN:
SF:src/modules/accounts/useCases/refreshToken/RefreshTokenController.ts
FN:6,RefreshTokenController
FN:7,Object.<anonymous>.RefreshTokenController.handle
FNF:2
FNH:1
FNDA:2,RefreshTokenController
FNDA:0,Object.<anonymous>.RefreshTokenController.handle
DA:1,1
DA:2,1
DA:3,1
DA:4,1
DA:5,1
DA:6,2
DA:7,2
DA:8,0
DA:9,0
DA:10,0
DA:11,0
DA:12,0
DA:13,2
DA:14,1
DA:15,1
LF:15
LH:10
BRDA:6,0,0,2
BRDA:6,1,0,2
BRF:2
BRH:2
end_of_record
TN:
SF:src/modules/accounts/useCases/refreshToken/RefreshTokenUseCase.ts
FN:15,RefreshTokenUseCase
FN:23,Object.<anonymous>.RefreshTokenUseCase.exeucte
FNF:2
FNH:0
FNDA:0,RefreshTokenUseCase
FNDA:0,Object.<anonymous>.RefreshTokenUseCase.exeucte
DA:1,1
DA:2,1
DA:3,1
DA:4,1
DA:5,1
DA:6,1
DA:7,1
DA:8,1
DA:9,1
DA:10,1
DA:11,1
DA:12,1
DA:13,1
DA:14,2
DA:15,2
DA:16,0
DA:17,0
DA:18,0
DA:19,0
DA:20,0
DA:21,0
DA:22,0
DA:23,2
DA:24,0
DA:25,0
DA:26,0
DA:27,0
DA:28,0
DA:29,0
DA:30,0
DA:31,0
DA:32,0
DA:33,0
DA:34,0
DA:35,0
DA:36,0
DA:37,0
DA:38,0
DA:39,0
DA:40,0
DA:41,0
DA:42,0
DA:43,0
DA:44,0
DA:45,0
DA:46,0
DA:47,0
DA:48,0
DA:49,0
DA:50,0
DA:51,2
DA:52,1
DA:53,1
LF:53
LH:19
BRDA:14,0,0,2
BRF:1
BRH:1
end_of_record
TN:
SF:src/modules/accounts/useCases/resetPasswordUser/ResetPasswordUserController.ts
FN:7,ResetPasswordUserController
FN:8,Object.<anonymous>.ResetPasswordUserController.handle
FNF:2
FNH:1
FNDA:2,ResetPasswordUserController
FNDA:0,Object.<anonymous>.ResetPasswordUserController.handle
DA:1,1
DA:2,1
DA:3,1
DA:4,1
DA:5,1
DA:6,1
DA:7,2
DA:8,2
DA:9,0
DA:10,0
DA:11,0
DA:12,0
DA:13,0
DA:14,0
DA:15,2
DA:16,1
DA:17,1
LF:17
LH:11
BRDA:7,0,0,2
BRDA:7,1,0,2
BRF:2
BRH:2
end_of_record
TN:
SF:src/modules/accounts/useCases/resetPasswordUser/ResetPasswordUserUseCase.ts
FN:15,ResetPassworduserUseCase
FN:24,Object.<anonymous>.ResetPassworduserUseCase.execute
FNF:2
FNH:0
FNDA:0,ResetPassworduserUseCase
FNDA:0,Object.<anonymous>.ResetPassworduserUseCase.execute
DA:1,1
DA:2,1
DA:3,1
DA:4,1
DA:5,1
DA:6,1
DA:7,1
DA:8,1
DA:9,1
DA:10,1
DA:11,1
DA:12,1
DA:13,1
DA:14,2
DA:15,2
DA:16,0
DA:17,0
DA:18,0
DA:19,0
DA:20,0
DA:21,0
DA:22,0
DA:23,2
DA:24,2
DA:25,0
DA:26,0
DA:27,0
DA:28,0
DA:29,0
DA:30,0
DA:31,0
DA:32,0
DA:33,0
DA:34,0
DA:35,0
DA:36,0
DA:37,0
DA:38,0
DA:39,0
DA:40,0
DA:41,2
DA:42,1
DA:43,1
LF:43
LH:20
BRDA:14,0,0,2
BRF:1
BRH:1
end_of_record
TN:
SF:src/modules/accounts/useCases/sendForgotPasswordMail/sendForgotPasswordMailController.ts
FN:5,SendForgotPasswortMailController
FN:6,Object.<anonymous>.SendForgotPasswortMailController.handle
FNF:2
FNH:1
FNDA:2,SendForgotPasswortMailController
FNDA:0,Object.<anonymous>.SendForgotPasswortMailController.handle
DA:1,1
DA:2,1
DA:3,1
DA:4,1
DA:5,2
DA:6,2
DA:7,0
DA:8,0
DA:9,0
DA:10,0
DA:11,0
DA:12,0
DA:13,0
DA:14,0
DA:15,0
DA:16,2
DA:17,1
DA:18,1
LF:18
LH:9
BRDA:5,0,0,2
BRDA:5,1,0,2
BRF:2
BRH:2
end_of_record
TN:
SF:src/modules/accounts/useCases/sendForgotPasswordMail/sendForgotPasswordMailUseCase.ts
FN:14,SendForgotPasswortMailUseCase
FN:25,Object.<anonymous>.SendForgotPasswortMailUseCase.execute
FNF:2
FNH:2
FNDA:3,SendForgotPasswortMailUseCase
FNDA:3,Object.<anonymous>.SendForgotPasswortMailUseCase.execute
DA:1,1
DA:2,1
DA:3,1
DA:4,1
DA:5,1
DA:6,1
DA:7,1
DA:8,1
DA:9,1
DA:10,1
DA:11,1
DA:12,1
DA:13,3
DA:14,3
DA:15,3
DA:16,3
DA:17,3
DA:18,3
DA:19,3
DA:20,3
DA:21,3
DA:22,3
DA:23,3
DA:24,3
DA:25,3
DA:26,3
DA:27,3
DA:28,3
DA:29,3
DA:30,1
DA:31,1
DA:32,2
DA:33,2
DA:34,2
DA:35,2
DA:36,2
DA:37,2
DA:38,2
DA:39,2
DA:40,2
DA:41,3
DA:42,3
DA:43,3
DA:44,3
DA:45,3
DA:46,3
DA:47,3
DA:48,3
DA:49,3
DA:50,1
DA:51,1
LF:51
LH:51
BRDA:13,0,0,3
BRDA:14,1,0,3
BRDA:25,2,0,3
BRDA:26,3,0,3
BRDA:29,4,0,1
BRDA:32,5,0,2
BRF:6
BRH:6
end_of_record
TN:
SF:src/modules/accounts/useCases/updateUserAvatar/UpdateUserAvatarController.ts
FN:6,UpdateUserAvatarController
FN:7,Object.<anonymous>.UpdateUserAvatarController.handle
FNF:2
FNH:1
FNDA:2,UpdateUserAvatarController
FNDA:0,Object.<anonymous>.UpdateUserAvatarController.handle
DA:1,1
DA:2,1
DA:3,1
DA:4,1
DA:5,1
DA:6,2
DA:7,2
DA:8,0
DA:9,0
DA:10,0
DA:11,0
DA:12,0
DA:13,0
DA:14,0
DA:15,2
DA:16,1
DA:17,1
LF:17
LH:10
BRDA:6,0,0,2
BRDA:6,1,0,2
BRF:2
BRH:2
end_of_record
TN:
SF:src/modules/accounts/useCases/updateUserAvatar/UpdateUserAvatarUseCase.ts
FN:13,UpdateUserAvatarUseCase
FN:17,Object.<anonymous>.UpdateUserAvatarUseCase.execute
FNF:2
FNH:0
FNDA:0,UpdateUserAvatarUseCase
FNDA:0,Object.<anonymous>.UpdateUserAvatarUseCase.execute
DA:1,1
DA:2,1
DA:3,1
DA:4,1
DA:5,1
DA:6,1
DA:7,1
DA:8,1
DA:9,1
DA:10,1
DA:11,1
DA:12,2
DA:13,2
DA:14,0
DA:15,0
DA:16,0
DA:17,2
DA:18,0
DA:19,0
DA:20,0
DA:21,0
DA:22,0
DA:23,0
DA:24,0
DA:25,2
DA:26,1
DA:27,1
LF:27
LH:17
BRDA:12,0,0,2
BRF:1
BRH:1
end_of_record
TN:
SF:src/modules/cars/useCases/createCar/CreateCarController.ts
FN:6,CreateCarController
FN:7,Object.<anonymous>.CreateCarController.handle
FNF:2
FNH:1
FNDA:2,CreateCarController
FNDA:0,Object.<anonymous>.CreateCarController.handle
DA:1,1
DA:2,1
DA:3,1
DA:4,1
DA:5,1
DA:6,2
DA:7,2
DA:8,0
DA:9,0
DA:10,0
DA:11,0
DA:12,0
DA:13,0
DA:14,0
DA:15,0
DA:16,0
DA:17,0
DA:18,0
DA:19,0
DA:20,0
DA:21,0
DA:22,0
DA:23,0
DA:24,0
DA:25,0
DA:26,0
DA:27,0
DA:28,0
DA:29,0
DA:30,2
DA:31,1
DA:32,1
LF:32
LH:10
BRDA:6,0,0,2
BRDA:6,1,0,2
BRF:2
BRH:2
end_of_record
TN:
SF:src/modules/cars/useCases/createCar/CreateCarUseCase.ts
FN:19,CreateCarUseCase
FN:23,Object.<anonymous>.CreateCarUseCase.execute
FNF:2
FNH:2
FNDA:3,CreateCarUseCase
FNDA:4,Object.<anonymous>.CreateCarUseCase.execute
DA:1,1
DA:2,1
DA:3,1
DA:4,1
DA:5,1
DA:6,1
DA:7,1
DA:8,1
DA:9,1
DA:10,1
DA:11,1
DA:12,1
DA:13,1
DA:14,1
DA:15,1
DA:16,1
DA:17,1
DA:18,3
DA:19,3
DA:20,3
DA:21,3
DA:22,3
DA:23,3
DA:24,4
DA:25,4
DA:26,4
DA:27,4
DA:28,4
DA:29,4
DA:30,4
DA:31,4
DA:32,4
DA:33,4
DA:34,4
DA:35,4
DA:36,4
DA:37,1
DA:38,1
DA:39,3
DA:40,3
DA:41,3
DA:42,3
DA:43,3
DA:44,3
DA:45,3
DA:46,3
DA:47,3
DA:48,3
DA:49,4
DA:50,4
DA:51,3
DA:52,1
DA:53,1
LF:53
LH:53
BRDA:18,0,0,3
BRDA:19,1,0,3
BRDA:23,2,0,4
BRDA:32,3,0,4
BRDA:36,4,0,1
BRDA:39,5,0,3
BRF:6
BRH:6
end_of_record
TN:
SF:src/modules/cars/useCases/createCarSpecification/CreateCarSpecificationController.ts
FN:6,CreateCarSpecificationController
FN:7,Object.<anonymous>.CreateCarSpecificationController.handle
FNF:2
FNH:1
FNDA:2,CreateCarSpecificationController
FNDA:0,Object.<anonymous>.CreateCarSpecificationController.handle
DA:1,1
DA:2,1
DA:3,1
DA:4,1
DA:5,1
DA:6,2
DA:7,2
DA:8,0
DA:9,0
DA:10,0
DA:11,0
DA:12,0
DA:13,0
DA:14,0
DA:15,0
DA:16,0
DA:17,0
DA:18,0
DA:19,0
DA:20,0
DA:21,2
DA:22,1
DA:23,1
LF:23
LH:10
BRDA:6,0,0,2
BRDA:6,1,0,2
BRF:2
BRH:2
end_of_record
TN:
SF:src/modules/cars/useCases/createCarSpecification/CreateCarSpecificationUseCase.ts
FN:15,CreateCarSpecificationUseCase
FN:21,Object.<anonymous>.CreateCarSpecificationUseCase.execute
FNF:2
FNH:2
FNDA:2,CreateCarSpecificationUseCase
FNDA:2,Object.<anonymous>.CreateCarSpecificationUseCase.execute
DA:1,1
DA:2,1
DA:3,1
DA:4,1
DA:5,1
DA:6,1
DA:7,1
DA:8,1
DA:9,1
DA:10,1
DA:11,1
DA:12,1
DA:13,1
DA:14,3
DA:15,3
DA:16,2
DA:17,2
DA:18,2
DA:19,2
DA:20,2
DA:21,3
DA:22,2
DA:23,2
DA:24,2
DA:25,1
DA:26,1
DA:27,1
DA:28,1
DA:29,1
DA:30,1
DA:31,2
DA:32,2
DA:33,2
DA:34,2
DA:35,2
DA:36,2
DA:37,3
DA:38,1
DA:39,1
LF:39
LH:39
BRDA:14,0,0,3
BRDA:15,1,0,2
BRDA:21,2,0,2
BRDA:22,3,0,2
BRDA:24,4,0,1
BRF:5
BRH:5
end_of_record
TN:
SF:src/modules/cars/useCases/createCategory/CreateCategoryController.ts
FN:7,CreateCategoryController
FN:8,Object.<anonymous>.CreateCategoryController.handle
FNF:2
FNH:2
FNDA:2,CreateCategoryController
FNDA:3,Object.<anonymous>.CreateCategoryController.handle
DA:1,1
DA:2,1
DA:3,1
DA:4,1
DA:5,1
DA:6,1
DA:7,2
DA:8,2
DA:9,3
DA:10,3
DA:11,3
DA:12,3
DA:13,3
DA:14,2
DA:15,1
DA:16,1
LF:16
LH:16
BRDA:7,0,0,2
BRDA:7,1,0,2
BRDA:8,2,0,3
BRF:3
BRH:3
end_of_record
TN:
SF:src/modules/cars/useCases/createCategory/CreateCategoryUseCase.ts
FN:13,CreateCategoryUseCase
FN:18,Object.<anonymous>.CreateCategoryUseCase.execute
FNF:2
FNH:2
FNDA:5,CreateCategoryUseCase
FNDA:6,Object.<anonymous>.CreateCategoryUseCase.execute
DA:1,1
DA:2,1
DA:3,1
DA:4,1
DA:5,1
DA:6,1
DA:7,1
DA:8,1
DA:9,1
DA:10,1
DA:11,1
DA:12,3
DA:13,3
DA:14,5
DA:15,5
DA:16,5
DA:17,3
DA:18,3
DA:19,6
DA:20,6
DA:21,2
DA:22,2
DA:23,4
DA:24,6
DA:25,3
DA:26,1
DA:27,1
LF:27
LH:27
BRDA:12,0,0,3
BRDA:13,1,0,5
BRDA:18,2,0,6
BRDA:19,3,0,6
BRDA:20,4,0,5
BRDA:20,5,0,2
BRDA:23,6,0,4
BRF:7
BRH:7
end_of_record
TN:
SF:src/modules/cars/useCases/createSpecification/CreateSpecificationController.ts
FN:7,CreateScpecificationController
FN:8,Object.<anonymous>.CreateScpecificationController.handle
FNF:2
FNH:1
FNDA:2,CreateScpecificationController
FNDA:0,Object.<anonymous>.CreateScpecificationController.handle
DA:1,1
DA:2,1
DA:3,1
DA:4,1
DA:5,1
DA:6,1
DA:7,2
DA:8,2
DA:9,0
DA:10,0
DA:11,0
DA:12,0
DA:13,0
DA:14,0
DA:15,0
DA:16,2
LF:16
LH:9
BRDA:7,0,0,2
BRDA:7,1,0,2
BRF:2
BRH:2
end_of_record
TN:
SF:src/modules/cars/useCases/createSpecification/CreateSpecificationUseCase.ts
FN:13,CreateSpecificationUseCase
FN:18,Object.<anonymous>.CreateSpecificationUseCase.execute
FNF:2
FNH:0
FNDA:0,CreateSpecificationUseCase
FNDA:0,Object.<anonymous>.CreateSpecificationUseCase.execute
DA:1,1
DA:2,1
DA:3,1
DA:4,1
DA:5,1
DA:6,1
DA:7,1
DA:8,1
DA:9,1
DA:10,1
DA:11,1
DA:12,2
DA:13,2
DA:14,0
DA:15,0
DA:16,0
DA:17,2
DA:18,2
DA:19,0
DA:20,0
DA:21,0
DA:22,0
DA:23,0
DA:24,0
DA:25,0
DA:26,0
DA:27,2
DA:28,1
DA:29,1
LF:29
LH:18
BRDA:12,0,0,2
BRF:1
BRH:1
end_of_record
TN:
SF:src/modules/cars/useCases/importCategory/ImportCategoryController.ts
FN:6,ImportCategoryController
FN:7,Object.<anonymous>.ImportCategoryController.handle
FNF:2
FNH:1
FNDA:2,ImportCategoryController
FNDA:0,Object.<anonymous>.ImportCategoryController.handle
DA:1,1
DA:2,1
DA:3,1
DA:4,1
DA:5,1
DA:6,2
DA:7,2
DA:8,0
DA:9,0
DA:10,0
DA:11,0
DA:12,0
DA:13,2
LF:13
LH:8
BRDA:6,0,0,2
BRDA:6,1,0,2
BRF:2
BRH:2
end_of_record
TN:
SF:src/modules/cars/useCases/importCategory/ImportCategoryUseCase.ts
FN:14,ImportCategoryUseCase
FN:19,Object.<anonymous>.ImportCategoryUseCase.loadCategories
FN:45,Object.<anonymous>.ImportCategoryUseCase.execute
FNF:3
FNH:0
FNDA:0,ImportCategoryUseCase
FNDA:0,Object.<anonymous>.ImportCategoryUseCase.loadCategories
FNDA:0,Object.<anonymous>.ImportCategoryUseCase.execute
DA:1,1
DA:2,1
DA:3,1
DA:4,1
DA:5,1
DA:6,1
DA:7,1
DA:8,1
DA:9,1
DA:10,1
DA:11,1
DA:12,1
DA:13,2
DA:14,2
DA:15,0
DA:16,0
DA:17,0
DA:18,2
DA:19,2
DA:20,0
DA:21,0
DA:22,0
DA:23,0
DA:24,0
DA:25,0
DA:26,0
DA:27,0
DA:28,0
DA:29,0
DA:30,0
DA:31,0
DA:32,0
DA:33,0
DA:34,0
DA:35,0
DA:36,0
DA:37,0
DA:38,0
DA:39,0
DA:40,0
DA:41,0
DA:42,0
DA:43,0
DA:44,2
DA:45,2
DA:46,0
DA:47,0
DA:48,0
DA:49,0
DA:50,0
DA:51,0
DA:52,0
DA:53,0
DA:54,0
DA:55,0
DA:56,0
DA:57,0
DA:58,2
DA:59,1
DA:60,1
LF:60
LH:21
BRDA:13,0,0,2
BRF:1
BRH:1
end_of_record
TN:
SF:src/modules/cars/useCases/listAvailableCar/ListAvailableCarsController.ts
FN:6,ListAvailableCarsController
FN:7,Object.<anonymous>.ListAvailableCarsController.handle
FNF:2
FNH:1
FNDA:2,ListAvailableCarsController
FNDA:0,Object.<anonymous>.ListAvailableCarsController.handle
DA:1,1
DA:2,1
DA:3,1
DA:4,1
DA:5,1
DA:6,2
DA:7,2
DA:8,0
DA:9,0
DA:10,0
DA:11,0
DA:12,0
DA:13,0
DA:14,0
DA:15,0
DA:16,0
DA:17,0
DA:18,0
DA:19,0
DA:20,2
DA:21,1
DA:22,1
LF:22
LH:10
BRDA:6,0,0,2
BRDA:6,1,0,2
BRF:2
BRH:2
end_of_record
TN:
SF:src/modules/cars/useCases/listAvailableCar/ListAvailableCarsUseCase.ts
FN:14,ListAvailableCarsUseCase
FN:18,Object.<anonymous>.ListAvailableCarsUseCase.execute
FNF:2
FNH:2
FNDA:4,ListAvailableCarsUseCase
FNDA:4,Object.<anonymous>.ListAvailableCarsUseCase.execute
DA:1,1
DA:2,1
DA:3,1
DA:4,1
DA:5,1
DA:6,1
DA:7,1
DA:8,1
DA:9,1
DA:10,1
DA:11,1
DA:12,1
DA:13,3
DA:14,3
DA:15,4
DA:16,4
DA:17,4
DA:18,3
DA:19,4
DA:20,4
DA:21,4
DA:22,4
DA:23,4
DA:24,4
DA:25,4
DA:26,3
DA:27,1
DA:28,1
LF:28
LH:28
BRDA:13,0,0,3
BRDA:14,1,0,4
BRDA:18,2,0,4
BRDA:19,3,0,4
BRF:4
BRH:4
end_of_record
TN:
SF:src/modules/cars/useCases/listCategory/ListCategoryController.ts
FN:6,ListCategoryController
FN:7,Object.<anonymous>.ListCategoryController.handle
FNF:2
FNH:2
FNDA:2,ListCategoryController
FNDA:1,Object.<anonymous>.ListCategoryController.handle
DA:1,1
DA:2,1
DA:3,1
DA:4,1
DA:5,1
DA:6,2
DA:7,2
DA:8,1
DA:9,1
DA:10,1
DA:11,1
DA:12,2
LF:12
LH:12
BRDA:6,0,0,2
BRDA:6,1,0,2
BRDA:7,2,0,1
BRF:3
BRH:3
end_of_record
TN:
SF:src/modules/cars/useCases/listCategory/ListCategoryUseCase.ts
FN:8,ListCategoryUseCase
FN:13,Object.<anonymous>.ListCategoryUseCase.execute
FNF:2
FNH:2
FNDA:1,ListCategoryUseCase
FNDA:1,Object.<anonymous>.ListCategoryUseCase.execute
DA:1,1
DA:2,1
DA:3,1
DA:4,1
DA:5,1
DA:6,1
DA:7,2
DA:8,2
DA:9,1
DA:10,1
DA:11,1
DA:12,2
DA:13,2
DA:14,1
DA:15,1
DA:16,1
DA:17,2
DA:18,1
DA:19,1
LF:19
LH:19
BRDA:7,0,0,2
BRDA:8,1,0,1
BRDA:13,2,0,1
BRDA:14,3,0,1
BRF:4
BRH:4
end_of_record
TN:
SF:src/modules/cars/useCases/listSpecification/ListSpecificationController.ts
FN:6,ListSpecificationController
FN:7,Object.<anonymous>.ListSpecificationController.handle
FNF:2
FNH:1
FNDA:2,ListSpecificationController
FNDA:0,Object.<anonymous>.ListSpecificationController.handle
DA:1,1
DA:2,1
DA:3,1
DA:4,1
DA:5,1
DA:6,2
DA:7,2
DA:8,0
DA:9,0
DA:10,0
DA:11,0
DA:12,0
DA:13,0
DA:14,2
LF:14
LH:8
BRDA:6,0,0,2
BRDA:6,1,0,2
BRF:2
BRH:2
end_of_record
TN:
SF:src/modules/cars/useCases/listSpecification/ListSpecificationUseCase.ts
FN:8,ListSpecificationUseCase
FN:13,Object.<anonymous>.ListSpecificationUseCase.execute
FNF:2
FNH:0
FNDA:0,ListSpecificationUseCase
FNDA:0,Object.<anonymous>.ListSpecificationUseCase.execute
DA:1,1
DA:2,1
DA:3,1
DA:4,1
DA:5,1
DA:6,1
DA:7,2
DA:8,2
DA:9,0
DA:10,0
DA:11,0
DA:12,2
DA:13,2
DA:14,0
DA:15,0
DA:16,0
DA:17,2
DA:18,1
DA:19,1
LF:19
LH:13
BRDA:7,0,0,2
BRF:1
BRH:1
end_of_record
TN:
SF:src/modules/cars/useCases/uploadCarImages/UploadCarImagesController.ts
FN:10,UploadCarImagesController
FN:11,Object.<anonymous>.UploadCarImagesController.handle
FNF:2
FNH:1
FNDA:2,UploadCarImagesController
FNDA:0,Object.<anonymous>.UploadCarImagesController.handle
DA:1,1
DA:2,1
DA:3,1
DA:4,1
DA:5,1
DA:6,1
DA:7,1
DA:8,1
DA:9,1
DA:10,2
DA:11,2
DA:12,0
DA:13,0
DA:14,0
DA:15,0
DA:16,0
DA:17,0
DA:18,0
DA:19,0
DA:20,0
DA:21,0
DA:22,2
DA:23,1
LF:23
LH:13
BRDA:10,0,0,2
BRDA:10,1,0,2
BRF:2
BRH:2
end_of_record
TN:
SF:src/modules/cars/useCases/uploadCarImages/UploadCarImagesUseCase.ts
FN:11,UploadCarImagesUseCase
FN:15,Object.<anonymous>.UploadCarImagesUseCase.execute
FNF:2
FNH:0
FNDA:0,UploadCarImagesUseCase
FNDA:0,Object.<anonymous>.UploadCarImagesUseCase.execute
DA:1,1
DA:2,1
DA:3,1
DA:4,1
DA:5,1
DA:6,1
DA:7,1
DA:8,1
DA:9,1
DA:10,2
DA:11,2
DA:12,0
DA:13,0
DA:14,0
DA:15,2
DA:16,0
DA:17,0
DA:18,0
DA:19,0
DA:20,2
DA:21,1
DA:22,1
LF:22
LH:15
BRDA:10,0,0,2
BRF:1
BRH:1
end_of_record
TN:
SF:src/modules/rentals/useCases/CreateRentalController.ts
FN:6,CreateRentalController
FN:7,Object.<anonymous>.CreateRentalController.handle
FNF:2
FNH:1
FNDA:2,CreateRentalController
FNDA:0,Object.<anonymous>.CreateRentalController.handle
DA:1,1
DA:2,1
DA:3,1
DA:4,1
DA:5,1
DA:6,2
DA:7,2
DA:8,0
DA:9,0
DA:10,0
DA:11,0
DA:12,0
DA:13,0
DA:14,0
DA:15,0
DA:16,0
DA:17,0
DA:18,2
DA:19,1
DA:20,1
LF:20
LH:10
BRDA:6,0,0,2
BRDA:6,1,0,2
BRF:2
BRH:2
end_of_record
TN:
SF:src/modules/rentals/useCases/CreateRentalUseCase.ts
FN:15,CreateRentalUseCase
FN:22,Object.<anonymous>.CreateRentalUseCase.execute
FNF:2
FNH:2
FNDA:4,CreateRentalUseCase
FNDA:6,Object.<anonymous>.CreateRentalUseCase.execute
DA:1,1
DA:2,1
DA:3,1
DA:4,1
DA:5,1
DA:6,1
DA:7,1
DA:8,1
DA:9,1
DA:10,1
DA:11,1
DA:12,1
DA:13,1
DA:14,3
DA:15,3
DA:16,4
DA:17,4
DA:18,4
DA:19,4
DA:20,4
DA:21,4
DA:22,3
DA:23,6
DA:24,6
DA:25,6
DA:26,6
DA:27,6
DA:28,6
DA:29,6
DA:30,6
DA:31,6
DA:32,2
DA:33,2
DA:34,4
DA:35,4
DA:36,4
DA:37,4
DA:38,6
DA:39,6
DA:40,0
DA:41,0
DA:42,6
DA:43,6
DA:44,6
DA:45,6
DA:46,6
DA:47,6
DA:48,6
DA:49,6
DA:50,6
DA:51,1
DA:52,1
DA:53,3
DA:54,3
DA:55,3
DA:56,3
DA:57,3
DA:58,6
DA:59,6
DA:60,3
DA:61,1
DA:62,1
LF:62
LH:60
BRDA:14,0,0,3
BRDA:15,1,0,4
BRDA:22,2,0,6
BRDA:31,3,0,2
BRDA:34,4,0,4
BRDA:39,5,0,0
BRDA:50,6,0,1
BRDA:53,7,0,3
BRF:8
BRH:7
end_of_record
